<?xml version="1.0" encoding="UTF-8"?>
<testng-results ignored="0" total="2" passed="0" failed="2" skipped="0">
  <reporter-output>
  </reporter-output>
  <suite started-at="2023-01-06T07:07:05 IST" name="Default suite" finished-at="2023-01-06T07:07:07 IST" duration-ms="2371">
    <groups>
      <group name="cucumber">
        <method signature="AbstractTestNGCucumberTests.runScenario(io.cucumber.testng.PickleWrapper,io.cucumber.testng.FeatureWrapper)[pri:0, instance:cucumberOptions.RunnerClass@4c583ecf]" name="runScenario" class="io.cucumber.testng.AbstractTestNGCucumberTests"/>
      </group> <!-- cucumber -->
    </groups>
    <test started-at="2023-01-06T07:07:05 IST" name="Default test" finished-at="2023-01-06T07:07:07 IST" duration-ms="2371">
      <class name="cucumberOptions.RunnerClass">
        <test-method is-config="true" signature="setUpClass(org.testng.ITestContext)[pri:0, instance:cucumberOptions.RunnerClass@4c583ecf]" started-at="2023-01-06T07:07:05 IST" name="setUpClass" finished-at="2023-01-06T07:07:06 IST" duration-ms="839" status="PASS">
          <params>
            <param index="0">
              <value>
                <![CDATA[org.testng.TestRunner@3a71c100]]>
              </value>
            </param>
          </params>
          <reporter-output>
          </reporter-output>
        </test-method> <!-- setUpClass -->
        <test-method signature="runScenario(io.cucumber.testng.PickleWrapper,io.cucumber.testng.FeatureWrapper)[pri:0, instance:cucumberOptions.RunnerClass@4c583ecf]" started-at="2023-01-06T07:07:06 IST" name="runScenario" description="Runs Cucumber Scenarios" data-provider="scenarios" finished-at="2023-01-06T07:07:07 IST" duration-ms="781" status="FAIL">
          <params>
            <param index="0">
              <value>
                <![CDATA["verify login with valid crdentials"]]>
              </value>
            </param>
            <param index="1">
              <value>
                <![CDATA["Login Functionality"]]>
              </value>
            </param>
          </params>
          <exception class="java.lang.IllegalStateException">
            <message>
              <![CDATA[The path to the driver executable The path to the driver executable must be set by the webdriver.chrome.driver system property; for more information, see https://chromedriver.chromium.org/. The latest version can be downloaded from https://chromedriver.chromium.org/downloads]]>
            </message>
            <full-stacktrace>
              <![CDATA[java.lang.IllegalStateException: The path to the driver executable The path to the driver executable must be set by the webdriver.chrome.driver system property; for more information, see https://chromedriver.chromium.org/. The latest version can be downloaded from https://chromedriver.chromium.org/downloads
at org.openqa.selenium.internal.Require$StateChecker.nonNull(Require.java:314)
at org.openqa.selenium.remote.service.DriverService.findExecutable(DriverService.java:149)
at org.openqa.selenium.chrome.ChromeDriverService.access$000(ChromeDriverService.java:41)
at org.openqa.selenium.chrome.ChromeDriverService$Builder.findDefaultExecutable(ChromeDriverService.java:285)
at org.openqa.selenium.remote.service.DriverService$Builder.build(DriverService.java:456)
at org.openqa.selenium.chrome.ChromeDriverService.createDefaultService(ChromeDriverService.java:146)
at org.openqa.selenium.chrome.ChromeDriver.<init>(ChromeDriver.java:50)
at stepDefinations.TestImplementation.user_should_navigate_on_homepage(TestImplementation.java:19)
at ✽.user should navigate on homepage(file:///C:/Users/admin/OneDrive/Desktop/bank/DalalStreetBDD/src/test/java/featureLayer/LoginFeature.feature:4)
]]>
            </full-stacktrace>
          </exception> <!-- java.lang.IllegalStateException -->
          <reporter-output>
          </reporter-output>
        </test-method> <!-- runScenario -->
        <test-method signature="runScenario(io.cucumber.testng.PickleWrapper,io.cucumber.testng.FeatureWrapper)[pri:0, instance:cucumberOptions.RunnerClass@4c583ecf]" started-at="2023-01-06T07:07:07 IST" name="runScenario" description="Runs Cucumber Scenarios" data-provider="scenarios" finished-at="2023-01-06T07:07:07 IST" duration-ms="618" status="FAIL">
          <params>
            <param index="0">
              <value>
                <![CDATA["verify user login acc with valid crdentials"]]>
              </value>
            </param>
            <param index="1">
              <value>
                <![CDATA["Login Functionality"]]>
              </value>
            </param>
          </params>
          <exception class="java.lang.IllegalStateException">
            <message>
              <![CDATA[The path to the driver executable The path to the driver executable must be set by the webdriver.chrome.driver system property; for more information, see https://chromedriver.chromium.org/. The latest version can be downloaded from https://chromedriver.chromium.org/downloads]]>
            </message>
            <full-stacktrace>
              <![CDATA[java.lang.IllegalStateException: The path to the driver executable The path to the driver executable must be set by the webdriver.chrome.driver system property; for more information, see https://chromedriver.chromium.org/. The latest version can be downloaded from https://chromedriver.chromium.org/downloads
at org.openqa.selenium.internal.Require$StateChecker.nonNull(Require.java:314)
at org.openqa.selenium.remote.service.DriverService.findExecutable(DriverService.java:149)
at org.openqa.selenium.chrome.ChromeDriverService.access$000(ChromeDriverService.java:41)
at org.openqa.selenium.chrome.ChromeDriverService$Builder.findDefaultExecutable(ChromeDriverService.java:285)
at org.openqa.selenium.remote.service.DriverService$Builder.build(DriverService.java:456)
at org.openqa.selenium.chrome.ChromeDriverService.createDefaultService(ChromeDriverService.java:146)
at org.openqa.selenium.chrome.ChromeDriver.<init>(ChromeDriver.java:50)
at stepDefinations.TestImplementation.user_should_navigate_on_homepage(TestImplementation.java:19)
at ✽.user should navigate on homepage(file:///C:/Users/admin/OneDrive/Desktop/bank/DalalStreetBDD/src/test/java/featureLayer/LoginFeature.feature:9)
]]>
            </full-stacktrace>
          </exception> <!-- java.lang.IllegalStateException -->
          <reporter-output>
          </reporter-output>
        </test-method> <!-- runScenario -->
        <test-method is-config="true" signature="tearDownClass()[pri:0, instance:cucumberOptions.RunnerClass@4c583ecf]" started-at="2023-01-06T07:07:07 IST" name="tearDownClass" finished-at="2023-01-06T07:07:07 IST" duration-ms="66" status="PASS">
          <reporter-output>
          </reporter-output>
        </test-method> <!-- tearDownClass -->
      </class> <!-- cucumberOptions.RunnerClass -->
    </test> <!-- Default test -->
  </suite> <!-- Default suite -->
</testng-results>
